[    0.000000] Initializing cgroup subsys cpuset
[    0.000000] Initializing cgroup subsys cpu
[    0.000000] Initializing cgroup subsys cpuacct
[    0.000000] Linux version 4.4.0-93-generic (buildd@lgw01-23) (gcc version 5.4.0 20160609 (Ubuntu 5.4.0-6ubuntu1~16.04.4) ) #116-Ubuntu SMP Fri Aug 11 21:17:52 UTC 2017 (Ubuntu 4.4.0-93.116-generic 4.4.79)
[    0.000000] KERNEL supported cpus:
[    0.000000]   Intel GenuineIntel
[    0.000000]   AMD AuthenticAMD
[    0.000000]   NSC Geode by NSC
[    0.000000]   Cyrix CyrixInstead
[    0.000000]   Centaur CentaurHauls
[    0.000000]   Transmeta GenuineTMx86
[    0.000000]   Transmeta TransmetaCPU
[    0.000000]   UMC UMC UMC UMC
[    0.000000] x86/fpu: xstate_offset[2]:  576, xstate_sizes[2]:  256
[    0.000000] x86/fpu: Supporting XSAVE feature 0x01: 'x87 floating point registers'
[    0.000000] x86/fpu: Supporting XSAVE feature 0x02: 'SSE registers'
[    0.000000] x86/fpu: Supporting XSAVE feature 0x04: 'AVX registers'
[    0.000000] x86/fpu: Enabled xstate features 0x7, context size is 832 bytes, using 'standard' format.
[    0.000000] x86/fpu: Using 'lazy' FPU context switches.
[    0.000000] e820: BIOS-provided physical RAM map:
[    0.000000] BIOS-e820: [mem 0x0000000000000000-0x000000000009fbff] usable
[    0.000000] BIOS-e820: [mem 0x000000000009fc00-0x000000000009ffff] reserved
[    0.000000] BIOS-e820: [mem 0x00000000000f0000-0x00000000000fffff] reserved
[    0.000000] BIOS-e820: [mem 0x0000000000100000-0x000000003ffeffff] usable
[    0.000000] BIOS-e820: [mem 0x000000003fff0000-0x000000003fffffff] ACPI data
[    0.000000] BIOS-e820: [mem 0x00000000fec00000-0x00000000fec00fff] reserved
[    0.000000] BIOS-e820: [mem 0x00000000fee00000-0x00000000fee00fff] reserved
[    0.000000] BIOS-e820: [mem 0x00000000fffc0000-0x00000000ffffffff] reserved
[    0.000000] NX (Execute Disable) protection: active
[    0.000000] SMBIOS 2.5 present.
[    0.000000] Hypervisor detected: KVM
[    0.000000] e820: last_pfn = 0x3fff0 max_arch_pfn = 0x1000000
[    0.000000] MTRR: Disabled
[    0.000000] x86/PAT: MTRRs disabled, skipping PAT initialization too.
[    0.000000] CPU MTRRs all blank - virtualized system.
[    0.000000] x86/PAT: Configuration [0-7]: WB  WT  UC- UC  WB  WT  UC- UC  
[    0.000000] found SMP MP-table at [mem 0x0009fff0-0x0009ffff] mapped at [c009fff0]
[    0.000000] Scanning 1 areas for low memory corruption
[    0.000000] RAMDISK: [mem 0x36358000-0x371a3fff]
[    0.000000] ACPI: Early table checksum verification disabled
[    0.000000] ACPI: RSDP 0x00000000000E0000 000024 (v02 VBOX  )
[    0.000000] ACPI: XSDT 0x000000003FFF0030 00003C (v01 VBOX   VBOXXSDT 00000001 ASL  00000061)
[    0.000000] ACPI: FACP 0x000000003FFF00F0 0000F4 (v04 VBOX   VBOXFACP 00000001 ASL  00000061)
[    0.000000] ACPI: DSDT 0x000000003FFF0470 0021C8 (v02 VBOX   VBOXBIOS 00000002 INTL 20100528)
[    0.000000] ACPI: FACS 0x000000003FFF0200 000040
[    0.000000] ACPI: FACS 0x000000003FFF0200 000040
[    0.000000] ACPI: APIC 0x000000003FFF0240 00005C (v02 VBOX   VBOXAPIC 00000001 ASL  00000061)
[    0.000000] ACPI: SSDT 0x000000003FFF02A0 0001CC (v01 VBOX   VBOXCPUT 00000002 INTL 20100528)
[    0.000000] 131MB HIGHMEM available.
[    0.000000] 891MB LOWMEM available.
[    0.000000]   mapped low ram: 0 - 37bfe000
[    0.000000]   low ram: 0 - 37bfe000
[    0.000000] kvm-clock: Using msrs 4b564d01 and 4b564d00
[    0.000000] kvm-clock: cpu 0, msr 0:37bfd001, primary cpu clock
[    0.000000] kvm-clock: using sched offset of 3220660353 cycles
[    0.000000] clocksource: kvm-clock: mask: 0xffffffffffffffff max_cycles: 0x1cd42e4dffb, max_idle_ns: 881590591483 ns
[    0.000000] Zone ranges:
[    0.000000]   DMA      [mem 0x0000000000001000-0x0000000000ffffff]
[    0.000000]   Normal   [mem 0x0000000001000000-0x0000000037bfdfff]
[    0.000000]   HighMem  [mem 0x0000000037bfe000-0x000000003ffeffff]
[    0.000000] Movable zone start for each node
[    0.000000] Early memory node ranges
[    0.000000]   node   0: [mem 0x0000000000001000-0x000000000009efff]
[    0.000000]   node   0: [mem 0x0000000000100000-0x000000003ffeffff]
[    0.000000] Initmem setup node 0 [mem 0x0000000000001000-0x000000003ffeffff]
[    0.000000] Using APIC driver default
[    0.000000] ACPI: PM-Timer IO Port: 0x4008
[    0.000000] IOAPIC[0]: apic_id 2, version 32, address 0xfec00000, GSI 0-23
[    0.000000] ACPI: INT_SRC_OVR (bus 0 bus_irq 0 global_irq 2 dfl dfl)
[    0.000000] ACPI: INT_SRC_OVR (bus 0 bus_irq 9 global_irq 9 high level)
[    0.000000] Using ACPI (MADT) for SMP configuration information
[    0.000000] smpboot: Allowing 2 CPUs, 0 hotplug CPUs
[    0.000000] PM: Registered nosave memory: [mem 0x00000000-0x00000fff]
[    0.000000] PM: Registered nosave memory: [mem 0x0009f000-0x0009ffff]
[    0.000000] PM: Registered nosave memory: [mem 0x000a0000-0x000effff]
[    0.000000] PM: Registered nosave memory: [mem 0x000f0000-0x000fffff]
[    0.000000] e820: [mem 0x40000000-0xfebfffff] available for PCI devices
[    0.000000] Booting paravirtualized kernel on KVM
[    0.000000] clocksource: refined-jiffies: mask: 0xffffffff max_cycles: 0xffffffff, max_idle_ns: 7645519600211568 ns
[    0.000000] setup_percpu: NR_CPUS:8 nr_cpumask_bits:8 nr_cpu_ids:2 nr_node_ids:1
[    0.000000] PERCPU: Embedded 19 pages/cpu @f71b0000 s47436 r0 d30388 u77824
[    0.000000] PV qspinlock hash table entries: 512 (order: 0, 4096 bytes)
[    0.000000] Built 1 zonelists in Zone order, mobility grouping on.  Total pages: 259800
[    0.000000] Kernel command line: BOOT_IMAGE=/boot/vmlinuz-4.4.0-93-generic root=UUID=a0b99d63-16da-4b63-b020-207c5678a17f ro console=tty1 console=ttyS0
[    0.000000] PID hash table entries: 4096 (order: 2, 16384 bytes)
[    0.000000] Dentry cache hash table entries: 131072 (order: 7, 524288 bytes)
[    0.000000] Inode-cache hash table entries: 65536 (order: 6, 262144 bytes)
[    0.000000] Initializing CPU#0
[    0.000000] Initializing HighMem for node 0 (00037bfe:0003fff0)
[    0.000000] Initializing Movable for node 0 (00000000:00000000)
[    0.000000] Memory: 1008288K/1048120K available (7965K kernel code, 771K rwdata, 3168K rodata, 940K init, 800K bss, 39832K reserved, 0K cma-reserved, 135112K highmem)
[    0.000000] virtual kernel memory layout:
[    0.000000]     fixmap  : 0xfff15000 - 0xfffff000   ( 936 kB)
[    0.000000]     pkmap   : 0xffc00000 - 0xffe00000   (2048 kB)
[    0.000000]     vmalloc : 0xf83fe000 - 0xffbfe000   ( 120 MB)
[    0.000000]     lowmem  : 0xc0000000 - 0xf7bfe000   ( 891 MB)
[    0.000000]       .init : 0xc1ba3000 - 0xc1c8e000   ( 940 kB)
[    0.000000]       .data : 0xc17c77ad - 0xc1ba1c00   (3945 kB)
[    0.000000]       .text : 0xc1000000 - 0xc17c77ad   (7965 kB)
[    0.000000] Checking if this processor honours the WP bit even in supervisor mode...Ok.
[    0.000000] SLUB: HWalign=64, Order=0-3, MinObjects=0, CPUs=2, Nodes=1
[    0.000000] Hierarchical RCU implementation.
[    0.000000] 	Build-time adjustment of leaf fanout to 32.
[    0.000000] 	RCU restricting CPUs from NR_CPUS=8 to nr_cpu_ids=2.
[    0.000000] RCU: Adjusting geometry for rcu_fanout_leaf=32, nr_cpu_ids=2
[    0.000000] NR_IRQS:2304 nr_irqs:440 16
[    0.000000] Console: colour VGA+ 80x25
[    0.000000] console [tty1] enabled
[    0.000000] console [ttyS0] enabled
[    0.000000] allocated 1048576 bytes of page_ext
[    0.000000] tsc: Detected 2593.998 MHz processor
[    2.350001] Calibrating delay loop (skipped) preset value.. 5187.99 BogoMIPS (lpj=10375992)
[    2.410258] pid_max: default: 32768 minimum: 301
[    2.451224] ACPI: Core revision 20150930
[    2.457128] ACPI: 2 ACPI AML tables successfully acquired and loaded
[    2.458128] Security Framework initialized
[    2.458799] Yama: becoming mindful.
[    2.465857] AppArmor: AppArmor initialized
[    2.473106] Mount-cache hash table entries: 2048 (order: 1, 8192 bytes)
[    2.537319] Mountpoint-cache hash table entries: 2048 (order: 1, 8192 bytes)
[    2.573488] Initializing cgroup subsys io
[    2.597602] Initializing cgroup subsys memory
[    2.607752] Initializing cgroup subsys devices
[    2.673916] Initializing cgroup subsys freezer
[    2.748639] Initializing cgroup subsys net_cls
[    2.809987] Initializing cgroup subsys perf_event
[    2.878425] Initializing cgroup subsys net_prio
[    2.928195] Initializing cgroup subsys hugetlb
[    2.957793] Initializing cgroup subsys pids
[    3.000687] CPU: Physical Processor ID: 0
[    3.053807] CPU: Processor Core ID: 0
[    3.115674] mce: CPU supports 0 MCE banks
[    3.177430] Last level iTLB entries: 4KB 64, 2MB 8, 4MB 8
[    3.231541] Last level dTLB entries: 4KB 64, 2MB 0, 4MB 0, 1GB 4
[    3.370009] Freeing SMP alternatives memory: 28K (c1c8e000 - c1c95000)
[    3.401009] ftrace: allocating 31417 entries in 62 pages
[    3.447350] smpboot: APIC(0) Converting physical 0 to logical package 0
[    3.458401] smpboot: Max logical packages: 1
[    3.459070] Enabling APIC mode:  Flat.  Using 1 I/O APICs
[    3.460879] ..TIMER: vector=0x30 apic1=0 pin1=2 apic2=-1 pin2=-1
[    3.577240] smpboot: CPU0: Intel(R) Core(TM) i7-5600U CPU @ 2.60GHz (family: 0x6, model: 0x3d, stepping: 0x4)
[    3.757684] Performance Events: unsupported p6 CPU model 61 no PMU driver, software events only.
[    3.824001] KVM setup paravirtual spinlock
[    3.907358] x86: Booting SMP configuration:
[    3.972186] .... node  #0, CPUs:      #1
[1266874886.488891] Initializing CPU#1
[    4.034694] kvm-clock: cpu 1, msr 0:37bfd041, secondary cpu clock
[    4.056701] mce: CPU supports 0 MCE banks
[    4.060738] x86: Booted up 1 node, 2 CPUs
[    4.078561] smpboot: Total of 2 processors activated (10375.99 BogoMIPS)
[    4.188962] devtmpfs: initialized
[    4.211236] evm: security.selinux
[    4.246058] evm: security.SMACK64
[    4.270800] evm: security.SMACK64EXEC
[    4.340108] evm: security.SMACK64TRANSMUTE
[    4.383396] evm: security.SMACK64MMAP
[    4.417740] evm: security.ima
[    4.422119] evm: security.capability
[    4.433898] clocksource: jiffies: mask: 0xffffffff max_cycles: 0xffffffff, max_idle_ns: 7645041785100000 ns
[    4.456587] futex hash table entries: 512 (order: 3, 32768 bytes)
[    4.466772] pinctrl core: initialized pinctrl subsystem
[    4.499787] RTC time:  7:38:20, date: 12/15/17
[    4.506327] NET: Registered protocol family 16
[    4.550769] EISA bus registered
[    4.567917] cpuidle: using governor ladder
[    4.586898] cpuidle: using governor menu
[    4.612621] PCCT header not found.
[    4.624001] ACPI: bus type PCI registered
[    4.650653] acpiphp: ACPI Hot Plug PCI Controller Driver version: 0.5
[    4.681893] PCI : PCI BIOS area is rw and x. Use pci=nobios if you want it NX.
[    4.696039] PCI: PCI BIOS revision 2.10 entry at 0xfda26, last bus=0
[    4.697278] PCI: Using configuration type 1 for base access
[    4.767805] ACPI: Added _OSI(Module Device)
[    4.823745] ACPI: Added _OSI(Processor Device)
[    4.886848] ACPI: Added _OSI(3.0 _SCP Extensions)
[    4.909528] ACPI: Added _OSI(Processor Aggregator Device)
[    4.951304] ACPI: Executed 1 blocks of module-level executable AML code
[    5.022262] ACPI: Interpreter enabled
[    5.071294] ACPI: (supports S0 S5)
[    5.071980] ACPI: Using IOAPIC for interrupt routing
[    5.073260] PCI: Using host bridge windows from ACPI; if necessary, use "pci=nocrs" and report a bug
[    5.106191] ACPI: PCI Root Bridge [PCI0] (domain 0000 [bus 00-ff])
[    5.154230] acpi PNP0A03:00: _OSC: OS supports [ASPM ClockPM Segments MSI]
[    5.254171] acpi PNP0A03:00: _OSC failed (AE_NOT_FOUND); disabling ASPM
[    5.333479] acpi PNP0A03:00: fail to add MMCONFIG information, can't access extended PCI configuration space under this bridge.
[    5.482228] PCI host bridge to bus 0000:00
[    5.496882] pci_bus 0000:00: root bus resource [io  0x0000-0x0cf7 window]
[    5.526524] pci_bus 0000:00: root bus resource [io  0x0d00-0xffff window]
[    5.618911] pci_bus 0000:00: root bus resource [mem 0x000a0000-0x000bffff window]
[    5.670819] pci_bus 0000:00: root bus resource [mem 0x40000000-0xffdfffff window]
[    5.748189] pci_bus 0000:00: root bus resource [bus 00-ff]
[    5.763012] pci 0000:00:01.1: legacy IDE quirk: reg 0x10: [io  0x01f0-0x01f7]
[    5.786296] pci 0000:00:01.1: legacy IDE quirk: reg 0x14: [io  0x03f6]
[    5.866823] pci 0000:00:01.1: legacy IDE quirk: reg 0x18: [io  0x0170-0x0177]
[    6.002003] pci 0000:00:01.1: legacy IDE quirk: reg 0x1c: [io  0x0376]
[    6.093769] pci 0000:00:07.0: quirk: [io  0x4000-0x403f] claimed by PIIX4 ACPI
[    6.111037] pci 0000:00:07.0: quirk: [io  0x4100-0x410f] claimed by PIIX4 SMB
[    6.152460] ACPI: PCI Interrupt Link [LNKA] (IRQs 5 9 10 *11)
[    6.230162] ACPI: PCI Interrupt Link [LNKB] (IRQs 5 9 10 *11)
[    6.236708] ACPI: PCI Interrupt Link [LNKC] (IRQs 5 9 *10 11)
[    6.250665] ACPI: PCI Interrupt Link [LNKD] (IRQs 5 *9 10 11)
[    6.358133] ACPI: Enabled 2 GPEs in block 00 to 07
[    6.413912] vgaarb: setting as boot device: PCI:0000:00:02.0
[    6.479199] vgaarb: device added: PCI:0000:00:02.0,decodes=io+mem,owns=io+mem,locks=none
[    6.480460] vgaarb: loaded
[    6.487978] vgaarb: bridge control possible 0000:00:02.0
[    6.491153] SCSI subsystem initialized
[    6.530413] ACPI: bus type USB registered
[    6.551599] usbcore: registered new interface driver usbfs
[    6.610628] usbcore: registered new interface driver hub
[    6.699770] usbcore: registered new device driver usb
[    6.700775] PCI: Using ACPI for IRQ routing
[    6.702743] NetLabel: Initializing
[    6.703340] NetLabel:  domain hash size = 128
[    6.769745] NetLabel:  protocols = UNLABELED CIPSOv4
[    6.842988] NetLabel:  unlabeled traffic allowed by default
[    6.948228] amd_nb: Cannot enumerate AMD northbridges
[    6.956186] clocksource: Switched to clocksource kvm-clock
[    6.964319] AppArmor: AppArmor Filesystem Enabled
[    7.065326] pnp: PnP ACPI init
[    7.116511] pnp: PnP ACPI: found 3 devices
[    7.134547] PnPBIOS: Disabled by ACPI PNP
[    7.196351] clocksource: acpi_pm: mask: 0xffffff max_cycles: 0xffffff, max_idle_ns: 2085701024 ns
[    7.272742] NET: Registered protocol family 2
[    7.322245] TCP established hash table entries: 8192 (order: 3, 32768 bytes)
[    7.392977] TCP bind hash table entries: 8192 (order: 4, 65536 bytes)
[    7.536758] TCP: Hash tables configured (established 8192 bind 8192)
[    7.582450] UDP hash table entries: 512 (order: 2, 16384 bytes)
[    7.597243] UDP-Lite hash table entries: 512 (order: 2, 16384 bytes)
[    7.625894] NET: Registered protocol family 1
[    7.696337] pci 0000:00:00.0: Limiting direct PCI/PCI transfers
[    7.697186] pci 0000:00:01.0: Activating ISA DMA hang workarounds
[    7.770361] Unpacking initramfs...
[    8.000035] Freeing initrd memory: 14640K (f6358000 - f71a4000)
[    8.060840] RAPL PMU detected, API unit is 2^-32 Joules, 4 fixed counters 10737418240 ms ovfl timer
[    8.191385] hw unit of domain pp0-core 2^-0 Joules
[    8.220124] hw unit of domain package 2^-0 Joules
[    8.252582] hw unit of domain dram 2^-0 Joules
[    8.270377] hw unit of domain pp1-gpu 2^-0 Joules
[    8.324830] platform rtc_cmos: registered platform RTC device (no PNP device found)
[    8.452680] Scanning for low memory corruption every 60 seconds
[    8.453961] audit: initializing netlink subsys (disabled)
[    8.538734] audit: type=2000 audit(1513323502.842:1): initialized
[    8.608766] Initialise system trusted keyring
[    8.640236] HugeTLB registered 2 MB page size, pre-allocated 0 pages
[    8.667550] zbud: loaded
[    8.675398] VFS: Disk quotas dquot_6.6.0
[    8.755072] VFS: Dquot-cache hash table entries: 1024 (order 0, 4096 bytes)
[    8.853296] squashfs: version 4.0 (2009/01/31) Phillip Lougher
[    9.011498] fuse init (API version 7.23)
[    9.109983] Key type big_key registered
[    9.186316] Allocating IMA MOK and blacklist keyrings.
[    9.292768] Key type asymmetric registered
[    9.324711] tsc: Refined TSC clocksource calibration: 2596.317 MHz
[    9.324713] clocksource: tsc: mask: 0xffffffffffffffff max_cycles: 0x256ca4d1679, max_idle_ns: 440795228365 ns
[    9.467328] Asymmetric key parser 'x509' registered
[    9.485352] bounce: pool size: 64 pages
[    9.528953] Block layer SCSI generic (bsg) driver version 0.4 loaded (major 249)
[    9.530215] io scheduler noop registered
[    9.580573] io scheduler deadline registered (default)
[    9.626459] io scheduler cfq registered
[    9.627158] pci_hotplug: PCI Hot Plug PCI Core version: 0.5
[    9.629699] pciehp: PCI Express Hot Plug Controller Driver version: 0.4
[    9.656997] ACPI: AC Adapter [AC] (on-line)
[    9.657702] input: Power Button as /devices/LNXSYSTM:00/LNXPWRBN:00/input/input0
[    9.661778] ACPI: Power Button [PWRF]
[    9.717551] input: Sleep Button as /devices/LNXSYSTM:00/LNXSLPBN:00/input/input1
[    9.724631] ACPI: Sleep Button [SLPF]
[    9.804183] GHES: HEST is not enabled!
[    9.804698] ACPI: Battery Slot [BAT0] (battery present)
[    9.806931] isapnp: Scanning for PnP cards...
[    9.836697] Serial: 8250/16550 driver, 32 ports, IRQ sharing enabled
[    9.897186] 00:02: ttyS0 at I/O 0x3f8 (irq = 4, base_baud = 115200) is a 16550A
[    9.963539] Linux agpgart interface v0.103
[   10.017456] loop: module loaded
[   10.054080] scsi host0: ata_piix
[   10.059653] scsi host1: ata_piix
[   10.110251] ata1: PATA max UDMA/33 cmd 0x1f0 ctl 0x3f6 bmdma 0xd000 irq 14
[   10.166307] ata2: PATA max UDMA/33 cmd 0x170 ctl 0x376 bmdma 0xd008 irq 15
[   10.167733] libphy: Fixed MDIO Bus: probed
[   10.168538] tun: Universal TUN/TAP device driver, 1.6
[   10.169412] tun: (C) 1999-2004 Max Krasnyansky <maxk@qualcomm.com>
[   10.175929] PPP generic driver version 2.4.2
[   10.176782] ehci_hcd: USB 2.0 'Enhanced' Host Controller (EHCI) Driver
[   10.177843] ehci-pci: EHCI PCI platform driver
[   10.178637] ehci-platform: EHCI generic platform driver
[   10.179530] ohci_hcd: USB 1.1 'Open' Host Controller (OHCI) Driver
[   10.189800] ohci-pci: OHCI PCI platform driver
[   10.191870] ohci-platform: OHCI generic platform driver
[   10.196438] isapnp: No Plug & Play device found
[   10.201566] uhci_hcd: USB Universal Host Controller Interface driver
[   10.334696] i8042: PNP: PS/2 Controller [PNP0303:PS2K,PNP0f03:PS2M] at 0x60,0x64 irq 1,12
[   10.340388] serio: i8042 KBD port at 0x60,0x64 irq 1
[   10.416314] serio: i8042 AUX port at 0x60,0x64 irq 12
[   10.496501] mousedev: PS/2 mouse device common for all mice
[   10.621660] rtc_cmos rtc_cmos: rtc core: registered rtc_cmos as rtc0
[   10.637572] rtc_cmos rtc_cmos: alarms up to one day, 114 bytes nvram
[   10.677877] input: AT Translated Set 2 keyboard as /devices/platform/i8042/serio0/input/input2
[   10.698416] i2c /dev entries driver
[   10.699120] device-mapper: uevent: version 1.0.3
[   10.722891] device-mapper: ioctl: 4.34.0-ioctl (2015-10-28) initialised: dm-devel@redhat.com
[   10.730100] platform eisa.0: Probing EISA bus 0
[   10.742169] platform eisa.0: EISA: Cannot allocate resource for mainboard
[   10.756739] platform eisa.0: Cannot allocate resource for EISA slot 1
[   10.774254] platform eisa.0: Cannot allocate resource for EISA slot 2
[   10.776972] platform eisa.0: Cannot allocate resource for EISA slot 3
[   10.790290] platform eisa.0: Cannot allocate resource for EISA slot 4
[   10.797992] platform eisa.0: Cannot allocate resource for EISA slot 5
[   10.813183] platform eisa.0: Cannot allocate resource for EISA slot 6
[   10.814494] platform eisa.0: Cannot allocate resource for EISA slot 7
[   10.815894] platform eisa.0: Cannot allocate resource for EISA slot 8
[   10.821593] platform eisa.0: EISA: Detected 0 cards
[   10.842208] cpufreq-nforce2: No nForce2 chipset.
[   10.851108] ledtrig-cpu: registered to indicate activity on CPUs
[   10.872490] NET: Registered protocol family 10
[   10.894481] NET: Registered protocol family 17
[   10.915837] Key type dns_resolver registered
[   10.916698] microcode: CPU0 sig=0x306d4, pf=0x40, revision=0x0
[   10.920157] microcode: CPU1 sig=0x306d4, pf=0x40, revision=0x0
[   10.929330] microcode: Microcode Update Driver: v2.01 <tigran@aivazian.fsnet.co.uk>, Peter Oruba
[   10.936173] Using IPI No-Shortcut mode
[   10.952978] registered taskstats version 1
[   10.954332] Loading compiled-in X.509 certificates
[   10.962497] Loaded X.509 cert 'Build time autogenerated kernel key: 2453f907a00a5aa2dddcf83a7452e205d4a0e807'
[   10.995347] zswap: loaded using pool lzo/zbud
[   11.022057] Key type trusted registered
[   11.043016] Key type encrypted registered
[   11.062671] AppArmor: AppArmor sha1 policy hashing enabled
[   11.063454] ima: No TPM chip found, activating TPM-bypass!
[   11.064302] evm: HMAC attrs: 0x1
[   11.065071]   Magic number: 13:485:622
[   11.065744] rtc_cmos rtc_cmos: setting system clock to 2017-12-15 07:38:27 UTC (1513323507)
[   11.073034] BIOS EDD facility v0.16 2004-Jun-25, 0 devices found
[   11.079637] EDD information not available.
[   11.080768] Freeing unused kernel memory: 940K (c1ba3000 - c1c8e000)
[   11.093109] Write protecting the kernel text: 7968k
[   11.093866] Write protecting the kernel read-only data: 3172k
[   11.111034] NX-protecting the kernel data: 6368k
Loading, please wait...
starting version[   11.132448] random: systemd-udevd: uninitialized urandom read (16 bytes read, 0 bits of entropy available)
 229
[   11.132974] random: udevadm: uninitialized urandom read (16 bytes read, 0 bits of entropy available)
[   11.133008] random: udevadm: uninitialized urandom read (16 bytes read, 0 bits of entropy available)
[   11.133118] random: udevadm: uninitialized urandom read (16 bytes read, 0 bits of entropy available)
[   11.133159] random: udevadm: uninitialized urandom read (16 bytes read, 0 bits of entropy available)
[   11.133201] random: udevadm: uninitialized urandom read (16 bytes read, 0 bits of entropy available)
[   11.133244] random: udevadm: uninitialized urandom read (16 bytes read, 0 bits of entropy available)
[   11.133283] random: udevadm: uninitialized urandom read (16 bytes read, 0 bits of entropy available)
[   11.133320] random: udevadm: uninitialized urandom read (16 bytes read, 0 bits of entropy available)
[   11.133357] random: udevadm: uninitialized urandom read (16 bytes read, 0 bits of entropy available)
[   11.859333] e1000: Intel(R) PRO/1000 Network Driver - version 7.3.21-k8-NAPI
[   11.862844] Fusion MPT base driver 3.04.20
[   11.862845] Copyright (c) 1999-2008 LSI Corporation
[   11.957689] e1000: Copyright (c) 1999-2006 Intel Corporation.
[   11.995257] Fusion MPT SPI Host driver 3.04.20
[   12.188452] input: ImExPS/2 Generic Explorer Mouse as /devices/platform/i8042/serio1/input/input4
[   12.356323] e1000 0000:00:03.0 eth0: (PCI:33MHz:32-bit) 02:e0:9b:a5:22:0e
[   12.412367] e1000 0000:00:03.0 eth0: Intel(R) PRO/1000 Network Connection
[   12.413886] mptbase: ioc0: Initiating bringup
[   12.414057] e1000 0000:00:03.0 enp0s3: renamed from eth0
[   12.521291] ioc0: LSI53C1030 A0: Capabilities={Initiator}
[   12.729700] scsi host2: ioc0: LSI53C1030 A0, FwRev=00000000h, Ports=1, MaxQ=256, IRQ=20
[   12.849096] scsi 2:0:0:0: Direct-Access     VBOX     HARDDISK         1.0  PQ: 0 ANSI: 5
[   12.883853] scsi target2:0:0: Beginning Domain Validation
[   12.894578] scsi target2:0:0: Domain Validation skipping write tests
[   12.906064] scsi target2:0:0: Ending Domain Validation
[   12.912652] scsi target2:0:0: asynchronous
[   12.916765] scsi 2:0:1:0: Direct-Access     VBOX     HARDDISK         1.0  PQ: 0 ANSI: 5
[   12.933639] scsi target2:0:1: Beginning Domain Validation
[   12.943824] scsi target2:0:1: Domain Validation skipping write tests
[   12.953777] scsi target2:0:1: Ending Domain Validation
[   12.963436] scsi target2:0:1: asynchronous
[   12.973794] sd 2:0:0:0: Attached scsi generic sg0 type 0
[   12.985551] sd 2:0:0:0: [sda] 20971520 512-byte logical blocks: (10.7 GB/10.0 GiB)
[   13.045636] sd 2:0:1:0: [sdb] 20480 512-byte logical blocks: (10.5 MB/10.0 MiB)
[   13.071431] sd 2:0:1:0: Attached scsi generic sg1 type 0
[   13.071615] sd 2:0:0:0: [sda] Write Protect is off
[   13.155238] sd 2:0:1:0: [sdb] Write Protect is off
[   13.169415] sd 2:0:0:0: [sda] Incomplete mode parameter data
[   13.205481] sd 2:0:0:0: [sda] Assuming drive cache: write through
[   13.208855] sd 2:0:1:0: [sdb] Incomplete mode parameter data
[   13.208858] sd 2:0:1:0: [sdb] Assuming drive cache: write through
[   13.218075] sd 2:0:1:0: [sdb] Attached SCSI disk
[   13.392735]  sda: sda1
[   13.409989] sd 2:0:0:0: [sda] Attached SCSI disk
[   14.996742] floppy0: no floppy controllers found
Begin: Loading e[   16.393880] md: linear personality registered for level -1
ssential drivers[   16.494786] md: multipath personality registered for level -4
 ... [   16.616121] md: raid0 personality registered for level 0
[   16.634365] md: raid1 personality registered for level 1
[   16.724336] raid6: mmxx1    gen()  5352 MB/s
[   16.832590] raid6: mmxx2    gen()  5675 MB/s
[   16.952615] raid6: sse1x1   gen()  4836 MB/s
[   17.076780] raid6: sse1x2   gen()  5667 MB/s
[   17.204897] raid6: sse2x1   gen()  8351 MB/s
[   17.304497] raid6: sse2x1   xor()  7044 MB/s
[   17.388998] raid6: sse2x2   gen() 11572 MB/s
[   17.529105] raid6: sse2x2   xor()  7882 MB/s
[   17.540681] raid6: using algorithm sse2x2 gen() 11572 MB/s
[   17.541457] raid6: .... xor() 7882 MB/s, rmw enabled
[   17.561629] raid6: using ssse3x1 recovery algorithm
[   17.653226] xor: automatically using best checksumming function:
[   17.704314]    avx       : 23663.000 MB/sec
[   17.713735] async_tx: api initialized (async)
[   17.827931] md: raid6 personality registered for level 6
[   17.908917] md: raid5 personality registered for level 5
[   17.923018] md: raid4 personality registered for level 4
[   17.990349] md: raid10 personality registered for level 10
done.
Begin: Running /scripts/init-premount ... done[   18.096482] Btrfs loaded
.
Begin: Mounting root file system ... Begin: Running /scripts/local-top ... done.
Begin: Running /scripts/local-premount ... Scanning for Btrfs filesystems
done.
Warning: fsck no[   18.158921] EXT4-fs (sda1): INFO: recovery required on readonly filesystem
t present, so skipping root file[   18.224167] EXT4-fs (sda1): write access will be enabled during recovery
 system
[   18.263734] EXT4-fs (sda1): recovery complete
[   18.271776] EXT4-fs (sda1): mounted filesystem with ordered data mode. Opts: (null)
done.
Begin: Running /scripts/local-bottom ... done.
Begin: Running /scripts/init-bottom ... done.
[   18.360698] systemd[1]: systemd 229 running in system mode. (+PAM +AUDIT +SELINUX +IMA +APPARMOR +SMACK +SYSVINIT +UTMP +LIBCRYPTSETUP +GCRYPT +GNUTLS +ACL +XZ -LZ4 +SECCOMP +BLKID +ELFUTILS +KMOD -IDN)
[   18.432054] systemd[1]: Detected virtualization oracle.
[   18.433927] systemd[1]: Detected architecture x86.

Welcome to [1mUbuntu 16.04.3 LTS[0m!

[   18.442855] systemd[1]: Set hostname to <ubuntu-xenial>.
[   18.600424] systemd[1]: Created slice System Slice.
[[0;32m  OK  [0m] Created slice System Slice.
[   18.610323] systemd[1]: Reached target Encrypted Volumes.
[[0;32m  OK  [0m] Reached target Encrypted Volumes.
[   18.614535] systemd[1]: Started Trigger resolvconf update for networkd DNS.
[[0;32m  OK  [0m] Started Trigger resolvconf update for networkd DNS.
[   18.644883] systemd[1]: Listening on udev Control Socket.
[[0;32m  OK  [0m] Listening on udev Control Socket.
[   18.659130] systemd[1]: Listening on Syslog Socket.
[[0;32m  OK  [0m] Listening on Syslog Socket.
[   18.665046] systemd[1]: Created slice system-postgresql.slice.
[[0;32m  OK  [0m] Created slice system-postgresql.slice.
[   18.674589] systemd[1]: Listening on Journal Audit Socket.
[[0;32m  OK  [0m] Listening on Journal Audit Socket.
[   18.676639] systemd[1]: Listening on Journal Socket.
[[0;32m  OK  [0m] Listening on Journal Socket.
[   18.708472] systemd[1]: Mounting POSIX Message Queue File System...
         Mounting POSIX Message Queue File System...
[   18.837319] systemd[1]: Starting Set console keymap...
         Starting Set console keymap...
[   18.902597] systemd[1]: Starting Create list of required static device nodes for the current kernel...
[   18.912674] random: nonblocking pool is initialized
         Starting Create list of required st... nodes for the current kernel...
[   19.028467] systemd[1]: Mounting Debug File System...
         Mounting Debug File System...
[   19.140656] systemd[1]: Starting Load Kernel Modules...
         Starting Load Kernel Modules...
[   19.168594] systemd[1]: Starting Nameserver information manager...
         Starting Nameserver information [   19.175784] Loading iSCSI transport class v2.0-870.
manager...
[   19.275707] systemd[1]: Listening on Device-mapper event daemon FIFOs.
[[0;32m  OK  [0m] Listening on Device-mapper event daemon FIFOs.
[   19.292757] systemd[1]: Started Forward Password Requests to Wall Directory Watch.
[[0;32m  OK  [0m] Started Forward Password Req[   19.332305] iscsi: registered transport (tcp)
uests to Wall Directory Watch.
[   19.404546] systemd[1]: Listening on LVM2 metadata daemon socket.
[[0;32m  OK  [[   19.448867] iscsi: registered transport (iser)
0m] Listening on LVM2 metadata daemon socket.
[   19.504935] systemd[1]: Starting Monitoring of LVM2 mirrors, snapshots etc. using dmeventd or progress polling...
         Starting Monitoring of LVM2 mirrors... dmeventd or progress polling...
[   19.710051] systemd[1]: Reached target User and Group Name Lookups.
[[0;32m  OK  [0m] Reached target User and Group Name Lookups.
[   19.877389] systemd[1]: Listening on /dev/initctl Compatibility Named Pipe.
[[0;32m  OK  [0m] Listening on /dev/initctl Compatibility Named Pipe.
[   20.045287] systemd[1]: Listening on udev Kernel Socket.
[[0;32m  OK  [0m] Listening on udev Kernel Socket.
[   20.112818] systemd[1]: Created slice system-serial\x2dgetty.slice.
[[0;32m  OK  [0m] Created slice system-serial\x2dgetty.slice.
[   20.336830] systemd[1]: Starting Remount Root and Kernel File Systems...
[   20.341182] EXT4-fs (sda1): re-mounted. Opts: (null)
         Starting Remount Root and Kernel File Systems...
[   20.492906] systemd[1]: Mounting Huge Pages File System...
         Mounting Huge Pages File System...
[   20.616663] systemd[1]: Listening on Journal Socket (/dev/log).
[[0;32m  OK  [0m] Listening on Journal Socket (/dev/log).
[   20.821619] systemd[1]: Starting Journal Service...
         Starting Journal Service...
[   20.885244] systemd[1]: Set up automount Arbitrary Executable File Formats File System Automount Point.
[[0;32m  OK  [0m] Set up automount Arbitrary Executab...ats File System Automount Point.
[   21.238530] systemd[1]: Reached target Swap.
[[0;32m  OK  [0m] Reached target Swap.
[   21.385252] systemd[1]: Starting Uncomplicated firewall...
         Starting Uncomplicated firewall...
[   21.432601] systemd[1]: Created slice User and Session Slice.
[[0;32m  OK  [0m] Created slice User and Session Slice.
[   21.616394] systemd[1]: Reached target Slices.
[[0;32m  OK  [0m] Reached target Slices.
[   21.792880] systemd[1]: Listening on LVM2 poll daemon socket.
[[0;32m  OK  [0m] Listening on LVM2 poll daemon socket.
[   21.881262] systemd[1]: Mounted Huge Pages File System.
[[0;32m  OK  [0m] Mounted Huge Pages File System.
[   22.009841] systemd[1]: Mounted POSIX Message Queue File System.
[[0;32m  OK  [0m] Mounted POSIX Message Queue File System.
[   22.096860] systemd[1]: Mounted Debug File System.
[[0;32m  OK  [0m] Mounted Debug File System.
[   22.205151] systemd[1]: Started Journal Service.
[[0;32m  OK  [0m] Started Journal Service.
[[0;32m  OK  [0m] Started Set console keymap.
[[0;32m  OK  [0m] Started Create list of required sta...ce nodes for the current kernel.
[[0;32m  OK  [0m] Started Load Kernel Modules.
[[0;32m  OK  [0m] Started Remount Root and Kernel File Systems.
[[0;32m  OK  [0m] Started Uncomplicated firewall.
[[0;32m  OK  [0m] Started Nameserver information manager.
[[0;32m  OK  [0m] Started LVM2 metadata daemon.
         Starting Initial cloud-init job (pre-networking)...
         Starting udev Coldplug all Devices...
         Starting Load/Save Random Seed...
         Starting Apply Kernel Variables...
         Mounting FUSE Control File System...
         Starting Create Static Device Nodes in /dev...
         Starting Flush Journal to Persistent Storage...
[[0;32m  OK  [0m] Mounted FUSE Control File System.
[[0;32m  OK  [0m] Started Load/Save Random Seed.
[[0;32m  OK  [0m] Started Monitoring of LVM2 mirrors,...ng dmeventd or progress polling.
[[0;32m  OK  [0m] Started Apply Kernel Variables.
[[0;32m  OK  [0m] Started Create Static Device Nodes in /dev.
[[0;32m  OK  [0m] Started udev Coldplug all Devices.
[[0;32m  OK  [0m] Started Flush Journal to Persistent Storage.
         Starting udev Kernel Device Manager...
[[0;32m  OK  [0m] Started udev Kernel Device Manager.
[[0;32m  OK  [0m] Started Dispatch Password Requests to Console Directory Watch.
[[0;32m  OK  [0m] Reached target Local File Systems (Pre).
[[0;32m  OK  [0m] Reached target Local File Systems.
         Starting Create Volatile Files and Directories...
         Starting Tell Plymouth To Write Out Runtime Data...
         Starting LSB: AppArmor initialization...
         Starting Set console font and keymap...
[[0;32m  OK  [0m] Started Create Volatile Files and Directories.
[[0;32m  OK  [0m] Started Tell Plymouth To Write Out Runtime Data.
[[0;32m  OK  [0m] Reached target System Time Synchronized.
         Starting Update UTMP about System Boot/Shutdown...
[[0;32m  OK  [0m] Started Update UTMP about System Boot/Shutdown.
[[0;32m  OK  [0m] Found device /dev/ttyS0.
[[0;32m  OK  [0m] Started LSB: AppArmor initialization.
[   17.440215] cloud-init[436]: Cloud-init v. 0.7.9 running 'init-local' at Fri, 15 Dec 2017 07:38:39 +0000. Up 16.93 seconds.
[[0;32m  OK  [0m] Listening on Load/Save RF Kill Switch Status /dev/rfkill Watch.
[[0;32m  OK  [0m] Started Initial cloud-init job (pre-networking).
[[0;32m  OK  [0m] Found device 82540EM Gigabit Ethern...r (PRO/1000 MT Desktop Adapter).
[[0;32m  OK  [0m] Started Set console font and keymap.
[[0;32m  OK  [0m] Created slice system-getty.slice.
[[0;32m  OK  [0m] Reached target Network (Pre).
         Starting Raise network interfaces...
[[0;32m  OK  [0m] Started ifup for enp0s3.
[[0;32m  OK  [0m] Started Raise network interfaces.
         Starting Initial cloud-init job (metadata service crawler)...
[[0;32m  OK  [0m] Reached target Network.
[   20.882703] cloud-init[952]: Cloud-init v. 0.7.9 running 'init' at Fri, 15 Dec 2017 07:38:43 +0000. Up 20.59 seconds.
[   20.903173] cloud-init[952]: ci-info: +++++++++++++++++++++++++++++++++++++Net device info++++++++++++++++++++++++++++++++++++++
[[0;32m  OK  [0m] Started Initial cloud-init job (metadata service crawler).
[[0;32m  OK  [0m] Reached target System Initialization.
[[0;32m  OK  [0m] Listening on ACPID Listen Socket.
[   20.922267] cloud-init[952]: ci-info: +--------+------+----------------------------+---------------+-------+-------------------+
[   21.184559] [[0;32m  OK  [0m] Started Timer to automatically refresh installed snaps.
cloud-init[952]: ci-info: | Device |  Up  |          Address           |      Mask     | Scope |     Hw-Address    |
[   21.296613] [cloud-init[0;32m  OK  [0m[952]: ] ci-info: +--------+------+----------------------------+---------------+-------+-------------------+Started ACPI Events Check.

[[0;32m  OK  [0m] Reached target Paths.
[[0;32m  OK  [0m] Started Timer to automatically fetch and run repair assertions.
[   21.297080] cloud-init[952]: ci-info: | enp0s3 | True |         10.0.2.15          | 255.255.255.0 |   .   | 02:e0:9b:a5:22:0e |
[   21.529266] cloud-init[952]: ci-info: | enp0s3 | True | fe80::e0:9bff:fea5:220e/64 |       .       |  link | 02:e0:9b:a5:22:0e |
         Starting Socket activation for snappy daemon.
[[0;32m  OK  [0m] Listening on UUID daemon activation socket.
[[0;32m  OK  [0m] Listening on D-Bus System Message Bus Socket.
[   21.535929] cloud-init[952]: ci-info: |   lo   | True |         127.0.0.1          |   255.0.0.0   |   .   |         .         |
[   21.608298] [cloud-init[0;32m  OK  [0m[952]: ] ci-info: |   lo   | True |          ::1/128           |       .       |  host |         .         |Started Daily Cleanup of Temporary Directories.

         Starting LXD - unix socket.
[[0;32m  OK  [0m] Reached target Network is Online.
[   21.608841] cloud-init[952]: ci-info: +--------+------+----------------------------+---------------+-------+-------------------+
[   21.704923] cloud-init[952]: ci-info: +++++++++++++++++++++++++++Route IPv4 info++++++++++++++++++++++++++++
[   21.745966] cloud-init[952]: ci-info: +-------+-------------+----------+---------------+-----------+-------+
[   21.772254] cloud-init[952]: ci-info: | Route | Destination | Gateway  |    Genmask    | Interface | Flags |
[   21.794861] cloud-init[952]: ci-info: +-------+-------------+----------+---------------+-----------+-------+
         Starting iSCSI initiator daemon (iscsid)...
[[0;32m  OK  [0m] Started Daily apt download activities.
[[0;32m  OK  [0m] Started Daily apt upgrade and clean activities.
[[0;32m  OK  [0m] Reached target Timers.
[[0;32m  OK  [0m] Reached target Cloud-config availability.
[   21.839766] cloud-init[952]: ci-info: |   0   |   0.0.0.0   | 10.0.2.2 |    0.0.0.0    |   enp0s3  |   UG  |
[   21.928714] cloud-init[952]: ci-info: |   1   |   10.0.2.0  | 0.0.0.0  | 255.255.255.0 |   enp0s3  |   U   |
[   21.968828] cloud-init[952]: ci-info: +-------+-------------+----------+---------------+-----------+-------+
[[0;32m  OK  [0m] Listening on Socket activation for snappy daemon.
[[0;32m  OK  [0m] Listening on LXD - unix socket.
[[0;32m  OK  [0m] Started iSCSI initiator daemon (iscsid).
         Starting Login to default iSCSI targets...
[[0;32m  OK  [0m] Reached target Sockets.
[[0;32m  OK  [0m] Reached target Basic System.
         Starting Login Service...
         Starting LXD - container startup/shutdown...
         Starting PostgreSQL Cluster 9.5-main...
[[0;32m  OK  [0m] Started FUSE filesystem for LXC.
[[0;32m  OK  [0m] Started Regular background program processing daemon.
[[0;32m  OK  [0m] Started ACPI event daemon.
         Starting Automatically fetch and run repair assertions...
         Starting /etc/rc.local Compatibility...
[[0;32m  OK  [0m] Started D-Bus System Message Bus.
         Starting Accounts Service...
         Starting LSB: MD monitoring daemon...
         Starting OpenBSD Secure Shell server...
[[0;32m  OK  [0m] Started Unattended Upgrades Shutdown.
         Starting Apply the settings specified in cloud-config...
[[0;32m  OK  [0m] Started Deferred execution scheduler.
         Starting LSB: Record successful boot for GRUB...
         Starting System Logging Service...
         Starting Snappy daemon...
[[0;32m  OK  [0m] Started OpenBSD Secure Shell server.
[[0;32m  OK  [0m] Started LXD - container startup/shutdown.
[[0;32m  OK  [0m] Started Automatically fetch and run repair assertions.
[[0;32m  OK  [0m] Started /etc/rc.local Compatibility.
[[0;32m  OK  [0m] Started System Logging Service.
[[0;32m  OK  [0m] Started Login to default iSCSI targets.
[[0;32m  OK  [0m] Started Snappy daemon.
[[0;32m  OK  [0m] Started LSB: MD monitoring daemon.
[[0;32m  OK  [0m] Started LSB: Record successful boot for GRUB.
[[0;32m  OK  [0m] Started Login Service.
         Starting Authenticate and Authorize Users to Run Privileged Tasks...
         Starting Auto import assertions from block devices...
[[0;32m  OK  [0m] Reached target Remote File Systems (Pre).
[[0;32m  OK  [0m] Reached target Remote File Systems.
         Starting LSB: Start/stop sysstat's sadc...
         Starting Permit User Sessions...
         Starting LSB: Set the CPU Frequency Scaling governor to "ondemand"...
         Starting LSB: daemon to balance interrupts for SMP systems...
         Starting LSB: VirtualBox Linux Additions...
         Starting LSB: automatic crash report generation...
[[0;32m  OK  [0m] Started Auto import assertions from block devices.
[[0;32m  OK  [0m] Started Permit User Sessions.
[[0;32m  OK  [0m] Started Authenticate and Authorize Users to Run Privileged Tasks.
[[0;32m  OK  [0m] Started Accounts Service.
[   23.199783] cloud-init[1058]: Cloud-init v. 0.7.9 running 'modules:config' at Fri, 15 Dec 2017 07:38:45 +0000. Up 22.95 seconds.
[[0;32m  OK  [0m] Started LSB: Start/stop sysstat's sadc.
[[0;32m  OK  [0m] Started LSB: Set the CPU Frequency Scaling governor to "ondemand".
[[0;32m  OK  [0m] Started Apply the settings specified in cloud-config.
[[0;32m  OK  [0m] Started LSB: daemon to balance interrupts for SMP systems.
[[0;32m  OK  [0m] Created slice User Slice of ubuntu.
[[0;32m  OK  [0m] Started Session 1 of user ubuntu.
         Starting User Manager for UID 1000...
         Starting Hold until boot process finishes up...
         Starting Terminate Plymouth Boot Screen...
[[0;32m  OK  [0m] Started User Manager for UID 1000.
[[0;32m  OK  [0m] Started LSB: VirtualBox Linux Additions.
[[0;32m  OK  [0m] Started LSB: automatic crash report generation.
[[0;32m  OK  [0m] Started Hold until boot process finishes up.
[[0;32m  OK  [0m] Started Terminate Plymouth Boot Screen.
         Starting Set console scheme...
[[0;32m  OK  [0m] Started Getty on tty1.
[[0;32m  OK  [0m] Started Serial Getty on ttyS0.
[[0;32m  OK  [0m] Reached target Login Prompts.
[[0;32m  OK  [0m] Started Set console scheme.
[[0;32m  OK  [0m] Started PostgreSQL Cluster 9.5-main.
         Starting PostgreSQL RDBMS...
[[0;32m  OK  [0m] Started PostgreSQL RDBMS.
[[0;32m  OK  [0m] Reached target Multi-User System.
         Starting Execute cloud user/final scripts...
[[0;32m  OK  [0m] Reached target Graphical Interface.
         Starting Update UTMP about System Runlevel Changes...
[[0;32m  OK  [0m] Started Update UTMP about System Runlevel Changes.
[   25.292146] cloud-init[1301]: Cloud-init v. 0.7.9 running 'modules:final' at Fri, 15 Dec 2017 07:38:47 +0000. Up 25.14 seconds.
[   25.328406] cloud-init[1301]: Cloud-init v. 0.7.9 finished at Fri, 15 Dec 2017 07:38:48 +0000. Datasource DataSourceNoCloud [seed=/dev/sdb][dsmode=net].  Up 25.28 seconds
[[0;32m  OK  [0m] Started Execute cloud user/final scripts.
[[0;32m  OK  [0m] Reached target Cloud-init target.
         Starting Daily apt download activities...
         Stopping User Manager for UID 1000...
[[0;32m  OK  [0m] Stopped User Manager for UID 1000.
[[0;32m  OK  [0m] Removed slice User Slice of ubuntu.

Ubuntu 16.04.3 LTS ubuntu-xenial ttyS0

ubuntu-xenial login: [[0;32m  OK  [0m] Started ACPI event daemon.
         Stopping LSB: automatic crash report generation...
[[0;32m  OK  [0m] Stopped LSB: automatic crash report generation.
[[0;32m  OK  [0m] Started ACPI event daemon.
[[0;32m  OK  [0m] Started ACPI event daemon.
[[0;32m  OK  [0m] Started ACPI event daemon.
[[0;32m  OK  [0m] Started ACPI event daemon.
[[0;32m  OK  [0m] Stopped PostgreSQL RDBMS.
         Stopping PostgreSQL Cluster 9.5-main...
[[0;32m  OK  [0m] Stopped PostgreSQL Cluster 9.5-main.
[[0;32m  OK  [0m] Started ACPI event daemon.
[[0;32m  OK  [0m] Started ACPI event daemon.
[[0;32m  OK  [0m] Started ACPI event daemon.
[[0;32m  OK  [0m] Started ACPI event daemon.
[[0;32m  OK  [0m] Started ACPI event daemon.
         Starting LSB: automatic crash report generation...
[[0;32m  OK  [0m] Started LSB: automatic crash report generation.
[[0;32m  OK  [0m] Started ACPI event daemon.
[[0;32m  OK  [0m] Created slice User Slice of postgres.
         Starting User Manager for UID 112...
[[0;32m  OK  [0m] Started Session c1 of user postgres.
[[0;32m  OK  [0m] Started User Manager for UID 112.
         Stopping User Manager for UID 112...
[[0;32m  OK  [0m] Stopped User Manager for UID 112.
[[0;32m  OK  [0m] Removed slice User Slice of postgres.
[[0;32m  OK  [0m] Started ACPI event daemon.
[[0;32m  OK  [0m] Started ACPI event daemon.
         Starting PostgreSQL Cluster 9.5-main...
[[0;32m  OK  [0m] Started PostgreSQL Cluster 9.5-main.
         Starting PostgreSQL RDBMS...
[[0;32m  OK  [0m] Started PostgreSQL RDBMS.
[[0;32m  OK  [0m] Started ACPI event daemon.
[[0;32m  OK  [0m] Started ACPI event daemon.
[[0;32m  OK  [0m] Started PostgreSQL RDBMS.
[[0;32m  OK  [0m] Started ACPI event daemon.
[[0;32m  OK  [0m] Started Daily apt upgrade and clean activities.
